TN:
SF:src/Board.js
FN:5,(anonymous_0)
FN:11,(anonymous_1)
FN:12,(anonymous_2)
FN:17,(anonymous_3)
FN:52,(anonymous_4)
FN:65,(anonymous_5)
FN:75,(anonymous_6)
FN:88,(anonymous_7)
FN:104,(anonymous_8)
FN:105,(anonymous_9)
FN:108,(anonymous_10)
FN:112,(anonymous_11)
FN:113,(anonymous_12)
FN:116,(anonymous_13)
FN:117,(anonymous_14)
FN:120,(anonymous_15)
FN:121,(anonymous_16)
FN:125,(anonymous_17)
FN:126,(anonymous_18)
FN:127,(anonymous_19)
FNF:20
FNH:18
FNDA:51,(anonymous_0)
FNDA:51,(anonymous_1)
FNDA:480,(anonymous_2)
FNDA:41,(anonymous_3)
FNDA:106,(anonymous_4)
FNDA:9,(anonymous_5)
FNDA:23,(anonymous_6)
FNDA:30,(anonymous_7)
FNDA:1112,(anonymous_8)
FNDA:74,(anonymous_9)
FNDA:138,(anonymous_10)
FNDA:4,(anonymous_11)
FNDA:12,(anonymous_12)
FNDA:0,(anonymous_13)
FNDA:0,(anonymous_14)
FNDA:1,(anonymous_15)
FNDA:10,(anonymous_16)
FNDA:2,(anonymous_17)
FNDA:20,(anonymous_18)
FNDA:200,(anonymous_19)
DA:6,51
DA:7,51
DA:8,51
DA:12,51
DA:13,480
DA:18,41
DA:19,41
DA:20,41
DA:22,41
DA:23,537
DA:24,537
DA:27,537
DA:31,537
DA:32,537
DA:35,537
DA:36,1607
DA:37,1607
DA:38,1607
DA:40,1607
DA:41,501
DA:42,501
DA:44,1106
DA:47,537
DA:48,36
DA:49,36
DA:52,36
DA:53,106
DA:54,106
DA:57,36
DA:59,537
DA:62,41
DA:66,9
DA:67,9
DA:68,28
DA:69,23
DA:72,9
DA:76,23
DA:78,23
DA:79,1
DA:83,22
DA:84,1
DA:88,30
DA:90,21
DA:91,18
DA:92,18
DA:93,18
DA:99,3
DA:100,3
DA:105,1112
DA:109,138
DA:113,12
DA:117,0
DA:121,10
DA:126,2
DA:127,200
LF:55
LH:54
BRDA:5,0,0,0
BRDA:17,1,0,0
BRDA:22,2,0,578
BRDA:22,2,1,542
BRDA:23,3,0,268
BRDA:23,3,1,269
BRDA:24,4,0,268
BRDA:24,4,1,269
BRDA:27,5,0,268
BRDA:27,5,1,269
BRDA:36,6,0,802
BRDA:36,6,1,805
BRDA:37,7,0,802
BRDA:37,7,1,805
BRDA:40,8,0,501
BRDA:40,8,1,1106
BRDA:40,9,0,1607
BRDA:40,9,1,1107
BRDA:47,10,0,36
BRDA:47,10,1,501
BRDA:65,11,0,0
BRDA:65,12,0,0
BRDA:68,13,0,23
BRDA:68,13,1,5
BRDA:78,14,0,1
BRDA:78,14,1,22
BRDA:83,15,0,1
BRDA:83,15,1,21
BRDA:83,16,0,22
BRDA:83,16,1,21
BRDA:90,17,0,18
BRDA:90,17,1,3
BRDA:127,18,0,5
BRDA:127,18,1,195
BRF:34
BRH:30
end_of_record
TN:
SF:src/CPUPlayer.js
FN:5,(anonymous_0)
FN:11,(anonymous_1)
FN:44,(anonymous_2)
FN:55,(anonymous_3)
FNF:4
FNH:3
FNDA:13,(anonymous_0)
FNDA:0,(anonymous_1)
FNDA:1,(anonymous_2)
FNDA:5,(anonymous_3)
DA:6,13
DA:7,13
DA:8,13
DA:14,0
DA:16,0
DA:19,0
DA:20,0
DA:24,0
DA:25,0
DA:26,0
DA:30,0
DA:31,0
DA:34,0
DA:35,0
DA:37,0
DA:38,0
DA:41,0
DA:46,1
DA:47,1
DA:48,1
DA:49,1
DA:52,1
DA:56,5
DA:57,4
DA:59,4
DA:60,1
DA:62,1
DA:63,1
DA:66,3
DA:69,3
DA:71,3
DA:72,12
DA:73,10
DA:78,1
DA:81,1
DA:82,1
LF:36
LH:22
BRDA:5,0,0,0
BRDA:5,1,0,0
BRDA:5,2,0,0
BRDA:5,3,0,0
BRDA:14,4,0,0
BRDA:14,4,1,0
BRDA:14,5,0,0
BRDA:14,5,1,0
BRDA:19,6,0,0
BRDA:19,6,1,0
BRDA:24,7,0,0
BRDA:24,7,1,0
BRDA:37,8,0,0
BRDA:37,8,1,0
BRDA:56,9,0,4
BRDA:56,9,1,1
BRDA:59,10,0,1
BRDA:59,10,1,3
BRDA:72,11,0,10
BRDA:72,11,1,2
BRDA:72,12,0,12
BRDA:72,12,1,10
BRDA:81,13,0,1
BRDA:81,13,1,0
BRDA:81,14,0,1
BRDA:81,14,1,1
BRF:26
BRH:11
end_of_record
TN:
SF:src/Game.js
FN:6,(anonymous_0)
FN:19,(anonymous_1)
FN:35,(anonymous_2)
FN:78,(anonymous_3)
FN:123,(anonymous_4)
FN:127,(anonymous_5)
FN:131,(anonymous_6)
FN:135,(anonymous_7)
FNF:8
FNH:6
FNDA:6,(anonymous_0)
FNDA:2,(anonymous_1)
FNDA:0,(anonymous_2)
FNDA:0,(anonymous_3)
FNDA:1,(anonymous_4)
FNDA:1,(anonymous_5)
FNDA:2,(anonymous_6)
FNDA:2,(anonymous_7)
DA:7,6
DA:8,6
DA:9,6
DA:11,6
DA:12,6
DA:13,6
DA:15,6
DA:16,6
DA:20,2
DA:22,2
DA:23,2
DA:24,1
DA:26,1
DA:27,1
DA:29,1
DA:31,1
DA:37,0
DA:38,0
DA:48,0
DA:49,0
DA:50,0
DA:52,0
DA:55,0
DA:59,0
DA:62,0
DA:63,0
DA:66,0
DA:70,0
DA:71,0
DA:72,0
DA:75,0
DA:79,0
DA:81,0
DA:82,0
DA:84,0
DA:85,0
DA:86,0
DA:88,0
DA:91,0
DA:94,0
DA:95,0
DA:96,0
DA:100,0
DA:101,0
DA:106,0
DA:112,0
DA:119,0
DA:124,1
DA:128,1
DA:132,2
DA:136,2
LF:51
LH:20
BRDA:6,0,0,0
BRDA:6,1,0,0
BRDA:6,2,0,0
BRDA:35,3,0,0
BRDA:37,4,0,0
BRDA:37,4,1,0
BRDA:49,5,0,0
BRDA:49,5,1,0
BRDA:62,6,0,0
BRDA:62,6,1,0
BRDA:70,7,0,0
BRDA:70,7,1,0
BRDA:72,8,0,0
BRDA:72,8,1,0
BRDA:85,9,0,0
BRDA:85,9,1,0
BRDA:88,10,0,0
BRDA:88,10,1,0
BRDA:91,11,0,0
BRDA:91,11,1,0
BRDA:95,12,0,0
BRDA:95,12,1,0
BRF:22
BRH:0
end_of_record
TN:
SF:src/GameDisplay.js
FN:2,(anonymous_0)
FN:6,(anonymous_1)
FN:37,(anonymous_2)
FN:47,(anonymous_3)
FN:55,(anonymous_4)
FN:71,(anonymous_5)
FNF:6
FNH:2
FNDA:6,(anonymous_0)
FNDA:0,(anonymous_1)
FNDA:1,(anonymous_2)
FNDA:0,(anonymous_3)
FNDA:0,(anonymous_4)
FNDA:0,(anonymous_5)
DA:3,6
DA:7,0
DA:10,0
DA:11,0
DA:12,0
DA:14,0
DA:17,0
DA:18,0
DA:21,0
DA:22,0
DA:25,0
DA:28,0
DA:29,0
DA:32,0
DA:34,0
DA:38,1
DA:39,1
DA:40,1
DA:41,1
DA:42,1
DA:43,1
DA:44,1
DA:48,0
DA:49,0
DA:51,0
DA:56,0
DA:57,0
DA:58,0
DA:61,0
DA:62,0
DA:63,0
DA:64,0
DA:67,0
DA:72,0
DA:73,0
LF:35
LH:8
BRDA:2,0,0,0
BRDA:6,1,0,0
BRDA:6,2,0,0
BRDA:48,3,0,0
BRDA:48,3,1,0
BRDA:56,4,0,0
BRDA:56,4,1,0
BRDA:61,5,0,0
BRDA:61,5,1,0
BRDA:63,6,0,0
BRDA:63,6,1,0
BRDA:64,7,0,0
BRDA:64,7,1,0
BRDA:64,8,0,0
BRDA:64,8,1,0
BRF:15
BRH:0
end_of_record
TN:
SF:src/HumanPlayer.js
FN:5,(anonymous_0)
FN:9,(anonymous_1)
FNF:2
FNH:1
FNDA:8,(anonymous_0)
FNDA:0,(anonymous_1)
DA:6,8
DA:10,0
DA:13,0
DA:14,0
DA:15,0
DA:17,0
DA:18,0
DA:19,0
DA:22,0
DA:24,0
DA:25,0
DA:26,0
DA:29,0
DA:32,0
DA:33,0
LF:15
LH:1
BRDA:5,0,0,1
BRDA:5,1,0,1
BRDA:5,2,0,1
BRDA:5,3,0,1
BRDA:17,4,0,0
BRDA:17,4,1,0
BRDA:24,5,0,0
BRDA:24,5,1,0
BRF:8
BRH:4
end_of_record
TN:
SF:src/Player.js
FN:4,(anonymous_0)
FN:12,(anonymous_1)
FN:19,(anonymous_2)
FN:23,(anonymous_3)
FN:27,(anonymous_4)
FN:31,(anonymous_5)
FN:35,(anonymous_6)
FN:39,(anonymous_7)
FN:43,(anonymous_8)
FN:48,(anonymous_9)
FNF:10
FNH:7
FNDA:29,(anonymous_0)
FNDA:6,(anonymous_1)
FNDA:9,(anonymous_2)
FNDA:2,(anonymous_3)
FNDA:16,(anonymous_4)
FNDA:5,(anonymous_5)
FNDA:0,(anonymous_6)
FNDA:0,(anonymous_7)
FNDA:0,(anonymous_8)
FNDA:1,(anonymous_9)
DA:5,29
DA:6,29
DA:7,29
DA:8,29
DA:9,29
DA:13,6
DA:14,6
DA:15,1
DA:20,9
DA:24,2
DA:28,16
DA:32,5
DA:36,0
DA:40,0
DA:44,0
DA:49,1
LF:16
LH:13
BRDA:4,0,0,0
BRDA:4,1,0,0
BRDA:4,2,0,0
BRDA:14,3,0,1
BRDA:14,3,1,5
BRF:5
BRH:2
end_of_record
TN:
SF:src/Ship.js
FN:2,(anonymous_0)
FN:8,(anonymous_1)
FN:17,(anonymous_2)
FN:18,(anonymous_3)
FN:21,(anonymous_4)
FN:26,(anonymous_5)
FNF:6
FNH:6
FNDA:53,(anonymous_0)
FNDA:31,(anonymous_1)
FNDA:35,(anonymous_2)
FNDA:75,(anonymous_3)
FNDA:4,(anonymous_4)
FNDA:109,(anonymous_5)
DA:3,53
DA:4,53
DA:5,53
DA:9,31
DA:10,31
DA:11,29
DA:12,29
DA:14,2
DA:18,75
DA:22,4
DA:23,4
DA:27,109
LF:12
LH:12
BRDA:2,0,0,0
BRDA:10,1,0,29
BRDA:10,1,1,2
BRDA:10,2,0,31
BRDA:10,2,1,30
BRDA:23,3,0,4
BRDA:23,3,1,3
BRF:7
BRH:6
end_of_record
TN:
SF:src/utils.js
FN:1,isValidCoordinate
FN:5,formatCoordinate
FN:9,parseCoordinate
FN:24,validateUserInput
FN:45,getAdjacentCoordinates
FNF:5
FNH:5
FNDA:1672,isValidCoordinate
FNDA:1635,formatCoordinate
FNDA:20,parseCoordinate
FNDA:9,validateUserInput
FNDA:7,getAdjacentCoordinates
DA:2,1672
DA:6,1635
DA:10,20
DA:11,4
DA:14,16
DA:15,16
DA:17,16
DA:18,3
DA:21,13
DA:25,9
DA:26,4
DA:29,5
DA:30,5
DA:32,3
DA:33,1
DA:39,2
DA:41,2
DA:46,7
DA:47,7
DA:49,7
DA:53,7
DA:54,28
DA:55,28
DA:57,28
DA:58,24
DA:62,7
LF:26
LH:26
BRDA:1,0,0,9
BRDA:2,1,0,1672
BRDA:2,1,1,1667
BRDA:2,1,2,1411
BRDA:2,1,3,1409
BRDA:10,2,0,4
BRDA:10,2,1,16
BRDA:10,3,0,20
BRDA:10,3,1,19
BRDA:17,4,0,3
BRDA:17,4,1,13
BRDA:17,5,0,16
BRDA:17,5,1,13
BRDA:24,6,0,7
BRDA:25,7,0,4
BRDA:25,7,1,5
BRDA:25,8,0,9
BRDA:25,8,1,7
BRDA:32,9,0,1
BRDA:32,9,1,2
BRDA:45,10,0,3
BRDA:57,11,0,24
BRDA:57,11,1,4
BRF:23
BRH:23
end_of_record
